生成启动时间为 2017/11/2 22:17:17。
     1>项目“c:\Users\wxlove\documents\visual studio 2015\Projects\GSkyline_5\GSkyline_5\GSkyline_5.vcxproj”在节点 2 上(Build 个目标)。
     1>ClCompile:
         C:\Program Files (x86)\Microsoft Visual Studio 14.0\VC\bin\CL.exe /c /ZI /nologo /W3 /WX- /sdl /Od /Oy- /D WIN32 /D _DEBUG /D _CONSOLE /D _UNICODE /D UNICODE /Gm /EHsc /RTC1 /MDd /GS /fp:precise /Zc:wchar_t /Zc:forScope /Zc:inline /Fo"Debug\\" /Fd"Debug\vc140.pdb" /Gd /TP /analyze- /errorReport:prompt GGroup.cpp GSkyline.cpp PointWisePlus.cpp UnitWisePlus.cpp experiment.cpp
         GGroup.cpp
         正在生成代码...
         正在编译...
         experiment.cpp
     1>c:\users\wxlove\documents\visual studio 2015\projects\gskyline_5\gskyline_5\experiment.cpp(32): warning C4477: 'printf' : format string '%d' requires an argument of type 'int', but variadic argument 1 has type 'time_t'
         c:\users\wxlove\documents\visual studio 2015\projects\gskyline_5\gskyline_5\experiment.cpp(32): note: consider using '%lld' in the format string
         c:\users\wxlove\documents\visual studio 2015\projects\gskyline_5\gskyline_5\experiment.cpp(32): note: consider using '%I64d' in the format string
     1>c:\users\wxlove\documents\visual studio 2015\projects\gskyline_5\gskyline_5\experiment.cpp(44): warning C4477: 'printf' : format string '%d' requires an argument of type 'int', but variadic argument 1 has type 'time_t'
         c:\users\wxlove\documents\visual studio 2015\projects\gskyline_5\gskyline_5\experiment.cpp(44): note: consider using '%lld' in the format string
         c:\users\wxlove\documents\visual studio 2015\projects\gskyline_5\gskyline_5\experiment.cpp(44): note: consider using '%I64d' in the format string
     1>c:\users\wxlove\documents\visual studio 2015\projects\gskyline_5\gskyline_5\experiment.cpp(65): warning C4477: 'printf' : format string '%d' requires an argument of type 'int', but variadic argument 1 has type 'time_t'
         c:\users\wxlove\documents\visual studio 2015\projects\gskyline_5\gskyline_5\experiment.cpp(65): note: consider using '%lld' in the format string
         c:\users\wxlove\documents\visual studio 2015\projects\gskyline_5\gskyline_5\experiment.cpp(65): note: consider using '%I64d' in the format string
     1>c:\users\wxlove\documents\visual studio 2015\projects\gskyline_5\gskyline_5\experiment.cpp(78): warning C4477: 'printf' : format string '%d' requires an argument of type 'int', but variadic argument 1 has type 'time_t'
         c:\users\wxlove\documents\visual studio 2015\projects\gskyline_5\gskyline_5\experiment.cpp(78): note: consider using '%lld' in the format string
         c:\users\wxlove\documents\visual studio 2015\projects\gskyline_5\gskyline_5\experiment.cpp(78): note: consider using '%I64d' in the format string
         PointWisePlus.cpp
         GSkyline.cpp
     1>c:\users\wxlove\documents\visual studio 2015\projects\gskyline_5\gskyline_5\gskyline.cpp(22): warning C4018: “<”: 有符号/无符号不匹配
     1>c:\users\wxlove\documents\visual studio 2015\projects\gskyline_5\gskyline_5\gskyline.cpp(72): warning C4018: “<”: 有符号/无符号不匹配
     1>c:\users\wxlove\documents\visual studio 2015\projects\gskyline_5\gskyline_5\gskyline.cpp(114): warning C4018: “<”: 有符号/无符号不匹配
     1>c:\users\wxlove\documents\visual studio 2015\projects\gskyline_5\gskyline_5\gskyline.cpp(116): warning C4018: “<”: 有符号/无符号不匹配
     1>c:\users\wxlove\documents\visual studio 2015\projects\gskyline_5\gskyline_5\gskyline.cpp(121): warning C4018: “<”: 有符号/无符号不匹配
     1>c:\users\wxlove\documents\visual studio 2015\projects\gskyline_5\gskyline_5\gskyline.cpp(153): warning C4018: “<”: 有符号/无符号不匹配
     1>c:\users\wxlove\documents\visual studio 2015\projects\gskyline_5\gskyline_5\gskyline.cpp(164): warning C4018: “<”: 有符号/无符号不匹配
     1>c:\users\wxlove\documents\visual studio 2015\projects\gskyline_5\gskyline_5\gskyline.cpp(167): warning C4018: “<”: 有符号/无符号不匹配
     1>c:\users\wxlove\documents\visual studio 2015\projects\gskyline_5\gskyline_5\gskyline.cpp(173): warning C4018: “<”: 有符号/无符号不匹配
     1>c:\users\wxlove\documents\visual studio 2015\projects\gskyline_5\gskyline_5\gskyline.cpp(177): warning C4018: “<”: 有符号/无符号不匹配
         正在生成代码...
         正在跳过...(未检测到相关更改)
         UnitWisePlus.cpp
       Link:
         C:\Program Files (x86)\Microsoft Visual Studio 14.0\VC\bin\link.exe /ERRORREPORT:PROMPT /OUT:"c:\users\wxlove\documents\visual studio 2015\Projects\GSkyline_5\Debug\GSkyline_5.exe" /INCREMENTAL /NOLOGO kernel32.lib user32.lib gdi32.lib winspool.lib comdlg32.lib advapi32.lib shell32.lib ole32.lib oleaut32.lib uuid.lib odbc32.lib odbccp32.lib /MANIFEST /MANIFESTUAC:"level='asInvoker' uiAccess='false'" /manifest:embed /Debug /PDB:"c:\users\wxlove\documents\visual studio 2015\Projects\GSkyline_5\Debug\GSkyline_5.pdb" /SUBSYSTEM:CONSOLE /TLBID:1 /DYNAMICBASE /NXCOMPAT /IMPLIB:"c:\users\wxlove\documents\visual studio 2015\Projects\GSkyline_5\Debug\GSkyline_5.lib" /MACHINE:X86 Debug\experiment.obj
         Debug\GGroup.obj
         Debug\GPoint.obj
         Debug\GSkyline.obj
         Debug\main.obj
         Debug\PointWisePlus.obj
         Debug\UnitGroup.obj
         Debug\UnitWisePlus.obj
         GSkyline_5.vcxproj -> c:\users\wxlove\documents\visual studio 2015\Projects\GSkyline_5\Debug\GSkyline_5.exe
     1>已完成生成项目“c:\Users\wxlove\documents\visual studio 2015\Projects\GSkyline_5\GSkyline_5\GSkyline_5.vcxproj”(Build 个目标)的操作。

已成功生成。

已用时间 00:00:03.24
